{"/Users/brucegroverlee/Roles/Developer/Sherpon/microservices/login/tools/getEnv.js": {"path":"/Users/brucegroverlee/Roles/Developer/Sherpon/microservices/login/tools/getEnv.js","statementMap":{"0":{"start":{"line":7,"column":15},"end":{"line":23,"column":1}},"1":{"start":{"line":8,"column":12},"end":{"line":8,"column":14}},"2":{"start":{"line":10,"column":2},"end":{"line":20,"column":3}},"3":{"start":{"line":11,"column":4},"end":{"line":11,"column":39}},"4":{"start":{"line":13,"column":4},"end":{"line":19,"column":6}},"5":{"start":{"line":22,"column":2},"end":{"line":22,"column":13}},"6":{"start":{"line":25,"column":0},"end":{"line":25,"column":24}}},"fnMap":{"0":{"name":"(anonymous_0)","decl":{"start":{"line":7,"column":15},"end":{"line":7,"column":16}},"loc":{"start":{"line":7,"column":21},"end":{"line":23,"column":1}},"line":7}},"branchMap":{"0":{"loc":{"start":{"line":10,"column":2},"end":{"line":20,"column":3}},"type":"if","locations":[{"start":{"line":10,"column":2},"end":{"line":20,"column":3}},{"start":{"line":10,"column":2},"end":{"line":20,"column":3}}],"line":10}},"s":{"0":1,"1":1,"2":1,"3":1,"4":0,"5":1,"6":1},"f":{"0":1},"b":{"0":[1,0]},"_coverageSchema":"43e27e138ebf9cfc5966b082cf9a028302ed4184","hash":"5bc5e16f5e6be81060522998fc4a42e4c83abfec"}
,"/Users/brucegroverlee/Roles/Developer/Sherpon/microservices/login/tools/getToken.js": {"path":"/Users/brucegroverlee/Roles/Developer/Sherpon/microservices/login/tools/getToken.js","statementMap":{"0":{"start":{"line":11,"column":2},"end":{"line":14,"column":3}},"1":{"start":{"line":13,"column":4},"end":{"line":13,"column":17}},"2":{"start":{"line":17,"column":16},"end":{"line":17,"column":48}},"3":{"start":{"line":18,"column":2},"end":{"line":21,"column":3}},"4":{"start":{"line":20,"column":4},"end":{"line":20,"column":17}},"5":{"start":{"line":22,"column":17},"end":{"line":22,"column":25}},"6":{"start":{"line":23,"column":16},"end":{"line":23,"column":24}},"7":{"start":{"line":25,"column":2},"end":{"line":25,"column":27}},"8":{"start":{"line":28,"column":0},"end":{"line":28,"column":26}}},"fnMap":{"0":{"name":"getToken","decl":{"start":{"line":10,"column":9},"end":{"line":10,"column":17}},"loc":{"start":{"line":10,"column":27},"end":{"line":26,"column":1}},"line":10}},"branchMap":{"0":{"loc":{"start":{"line":11,"column":2},"end":{"line":14,"column":3}},"type":"if","locations":[{"start":{"line":11,"column":2},"end":{"line":14,"column":3}},{"start":{"line":11,"column":2},"end":{"line":14,"column":3}}],"line":11},"1":{"loc":{"start":{"line":11,"column":6},"end":{"line":11,"column":40}},"type":"binary-expr","locations":[{"start":{"line":11,"column":6},"end":{"line":11,"column":14}},{"start":{"line":11,"column":18},"end":{"line":11,"column":40}}],"line":11},"2":{"loc":{"start":{"line":18,"column":2},"end":{"line":21,"column":3}},"type":"if","locations":[{"start":{"line":18,"column":2},"end":{"line":21,"column":3}},{"start":{"line":18,"column":2},"end":{"line":21,"column":3}}],"line":18}},"s":{"0":4,"1":1,"2":3,"3":3,"4":2,"5":1,"6":1,"7":1,"8":1},"f":{"0":4},"b":{"0":[1,3],"1":[4,4],"2":[2,1]},"_coverageSchema":"43e27e138ebf9cfc5966b082cf9a028302ed4184","hash":"771dc0cd5b383f37a27ec85ba308fcb2a4e2be82"}
,"/Users/brucegroverlee/Roles/Developer/Sherpon/microservices/login/tools/getUserByToken.js": {"path":"/Users/brucegroverlee/Roles/Developer/Sherpon/microservices/login/tools/getUserByToken.js","statementMap":{"0":{"start":{"line":1,"column":14},"end":{"line":1,"column":39}},"1":{"start":{"line":2,"column":15},"end":{"line":2,"column":34}},"2":{"start":{"line":4,"column":12},"end":{"line":4,"column":20}},"3":{"start":{"line":6,"column":0},"end":{"line":8,"column":3}},"4":{"start":{"line":15,"column":23},"end":{"line":27,"column":1}},"5":{"start":{"line":16,"column":2},"end":{"line":26,"column":5}},"6":{"start":{"line":17,"column":4},"end":{"line":25,"column":6}},"7":{"start":{"line":19,"column":16},"end":{"line":19,"column":32}},"8":{"start":{"line":20,"column":6},"end":{"line":20,"column":18}},"9":{"start":{"line":24,"column":6},"end":{"line":24,"column":30}},"10":{"start":{"line":29,"column":0},"end":{"line":29,"column":32}}},"fnMap":{"0":{"name":"(anonymous_0)","decl":{"start":{"line":15,"column":23},"end":{"line":15,"column":24}},"loc":{"start":{"line":15,"column":34},"end":{"line":27,"column":1}},"line":15},"1":{"name":"(anonymous_1)","decl":{"start":{"line":16,"column":21},"end":{"line":16,"column":22}},"loc":{"start":{"line":16,"column":42},"end":{"line":26,"column":3}},"line":16},"2":{"name":"(anonymous_2)","decl":{"start":{"line":18,"column":10},"end":{"line":18,"column":11}},"loc":{"start":{"line":18,"column":33},"end":{"line":21,"column":5}},"line":18},"3":{"name":"(anonymous_3)","decl":{"start":{"line":22,"column":11},"end":{"line":22,"column":12}},"loc":{"start":{"line":22,"column":27},"end":{"line":25,"column":5}},"line":22}},"branchMap":{},"s":{"0":1,"1":1,"2":1,"3":1,"4":1,"5":4,"6":4,"7":1,"8":1,"9":3,"10":1},"f":{"0":4,"1":4,"2":1,"3":3},"b":{},"_coverageSchema":"43e27e138ebf9cfc5966b082cf9a028302ed4184","hash":"e342ce26632448bc4147403fa38b1cf4ee2d691a"}
}
