TN:
SF:/Users/brucegroverlee/Roles/Developer/Sherpon/microservices/microservices-login/index.js
FN:15,(anonymous_0)
FN:45,(anonymous_1)
FN:66,(anonymous_2)
FN:89,(anonymous_3)
FNF:4
FNH:4
FNDA:1,(anonymous_0)
FNDA:1,(anonymous_1)
FNDA:1,(anonymous_2)
FNDA:1,(anonymous_3)
DA:2,1
DA:4,1
DA:5,1
DA:6,1
DA:7,1
DA:8,1
DA:9,1
DA:10,1
DA:15,1
DA:16,1
DA:17,1
DA:18,1
DA:19,1
DA:20,1
DA:21,1
DA:22,1
DA:23,1
DA:26,0
DA:27,0
DA:35,0
DA:36,0
DA:39,0
DA:40,0
DA:41,0
DA:45,1
DA:46,1
DA:48,1
DA:49,1
DA:50,1
DA:51,1
DA:52,1
DA:54,0
DA:55,0
DA:57,1
DA:60,0
DA:61,0
DA:62,0
DA:66,1
DA:67,1
DA:68,1
DA:70,0
DA:71,0
DA:74,1
DA:75,1
DA:89,1
DA:92,1
DA:93,1
DA:95,1
DA:97,0
DA:98,0
DA:99,0
DA:100,0
DA:101,0
DA:103,1
LF:54
LH:35
BRDA:20,0,0,1
BRDA:20,0,1,0
BRDA:52,1,0,0
BRDA:52,1,1,1
BRDA:68,2,0,0
BRDA:68,2,1,1
BRDA:95,3,0,0
BRDA:95,3,1,1
BRF:8
BRH:4
end_of_record
TN:
SF:/Users/brucegroverlee/Roles/Developer/Sherpon/microservices/microservices-login/db/getFirestore.js
FN:6,(anonymous_0)
FNF:1
FNH:1
FNDA:1,(anonymous_0)
DA:1,1
DA:6,1
DA:7,1
DA:8,1
DA:9,0
DA:14,1
DA:18,1
DA:21,1
LF:8
LH:7
BRDA:7,0,0,1
BRDA:7,0,1,0
BRDA:8,1,0,0
BRDA:8,1,1,1
BRF:4
BRH:2
end_of_record
TN:
SF:/Users/brucegroverlee/Roles/Developer/Sherpon/microservices/microservices-login/db/getPermissions.js
FN:2,(anonymous_0)
FN:3,(anonymous_1)
FN:6,(anonymous_2)
FN:13,(anonymous_3)
FN:19,(anonymous_4)
FNF:5
FNH:0
FNDA:0,(anonymous_0)
FNDA:0,(anonymous_1)
FNDA:0,(anonymous_2)
FNDA:0,(anonymous_3)
FNDA:0,(anonymous_4)
DA:2,1
DA:3,0
DA:4,0
DA:7,0
DA:10,0
DA:12,0
DA:13,0
DA:15,0
DA:17,0
DA:20,0
DA:21,0
DA:26,1
LF:12
LH:2
BRDA:7,0,0,0
BRDA:7,0,1,0
BRF:2
BRH:0
end_of_record
TN:
SF:/Users/brucegroverlee/Roles/Developer/Sherpon/microservices/microservices-login/db/getUser.js
FN:8,(anonymous_0)
FN:9,(anonymous_1)
FN:11,(anonymous_2)
FN:19,(anonymous_3)
FNF:4
FNH:3
FNDA:1,(anonymous_0)
FNDA:1,(anonymous_1)
FNDA:1,(anonymous_2)
FNDA:0,(anonymous_3)
DA:8,1
DA:9,1
DA:10,1
DA:12,1
DA:14,0
DA:17,1
DA:21,0
DA:26,1
LF:8
LH:6
BRDA:12,0,0,0
BRDA:12,0,1,1
BRF:2
BRH:1
end_of_record
TN:
SF:/Users/brucegroverlee/Roles/Developer/Sherpon/microservices/microservices-login/db/saveUser.js
FN:3,(anonymous_0)
FNF:1
FNH:1
FNDA:1,(anonymous_0)
DA:1,1
DA:3,1
DA:4,1
DA:5,1
DA:14,1
LF:5
LH:5
BRF:0
BRH:0
end_of_record
TN:
SF:/Users/brucegroverlee/Roles/Developer/Sherpon/microservices/microservices-login/firebase/getFirebase.js
FN:3,(anonymous_0)
FNF:1
FNH:1
FNDA:1,(anonymous_0)
DA:1,1
DA:3,1
DA:4,1
DA:5,1
DA:6,0
DA:7,0
DA:11,0
DA:14,1
DA:16,1
DA:19,1
LF:10
LH:7
BRDA:4,0,0,1
BRDA:4,0,1,0
BRDA:5,1,0,0
BRDA:5,1,1,1
BRDA:6,2,0,0
BRDA:6,2,1,0
BRF:6
BRH:2
end_of_record
TN:
SF:/Users/brucegroverlee/Roles/Developer/Sherpon/microservices/microservices-login/firebase/getUserByToken.js
FN:6,(anonymous_0)
FN:7,(anonymous_1)
FN:9,(anonymous_2)
FN:13,(anonymous_3)
FNF:4
FNH:4
FNDA:6,(anonymous_0)
FNDA:6,(anonymous_1)
FNDA:3,(anonymous_2)
FNDA:3,(anonymous_3)
DA:6,2
DA:7,6
DA:8,6
DA:10,3
DA:11,3
DA:15,3
DA:20,2
LF:7
LH:7
BRF:0
BRH:0
end_of_record
TN:
SF:/Users/brucegroverlee/Roles/Developer/Sherpon/microservices/microservices-login/tools/getEnv.js
FN:9,(anonymous_0)
FNF:1
FNH:1
FNDA:7,(anonymous_0)
DA:1,3
DA:9,3
DA:11,7
DA:12,1
DA:13,1
DA:17,1
DA:21,3
LF:7
LH:7
BRDA:11,0,0,1
BRDA:11,0,1,6
BRF:2
BRH:2
end_of_record
TN:
SF:/Users/brucegroverlee/Roles/Developer/Sherpon/microservices/microservices-login/tools/getToken.js
FN:10,getToken
FNF:1
FNH:1
FNDA:5,getToken
DA:11,5
DA:13,1
DA:17,4
DA:18,4
DA:20,2
DA:22,2
DA:23,2
DA:25,2
DA:28,2
LF:9
LH:9
BRDA:11,0,0,1
BRDA:11,0,1,4
BRDA:11,1,0,5
BRDA:11,1,1,5
BRDA:18,2,0,2
BRDA:18,2,1,2
BRF:6
BRH:6
end_of_record
