TN:
SF:/Users/brucegroverlee/Roles/Developer/Sherpon/microservices/login/tools/getEnv.js
FN:7,(anonymous_0)
FNF:1
FNH:1
FNDA:6,(anonymous_0)
DA:7,2
DA:9,6
DA:10,3
DA:13,3
DA:14,3
DA:15,3
DA:16,3
DA:17,3
DA:18,3
DA:19,3
DA:23,2
LF:11
LH:11
BRDA:9,0,0,3
BRDA:9,0,1,3
BRF:2
BRH:2
end_of_record
TN:
SF:/Users/brucegroverlee/Roles/Developer/Sherpon/microservices/login/tools/getToken.js
FN:10,getToken
FNF:1
FNH:1
FNDA:4,getToken
DA:11,4
DA:13,1
DA:17,3
DA:18,3
DA:20,2
DA:22,1
DA:23,1
DA:25,1
DA:28,1
LF:9
LH:9
BRDA:11,0,0,1
BRDA:11,0,1,3
BRDA:11,1,0,4
BRDA:11,1,1,4
BRDA:18,2,0,2
BRDA:18,2,1,1
BRF:6
BRH:6
end_of_record
TN:
SF:/Users/brucegroverlee/Roles/Developer/Sherpon/microservices/login/tools/getUserByToken.js
FN:8,(anonymous_0)
FN:18,(anonymous_1)
FN:20,(anonymous_2)
FN:24,(anonymous_3)
FNF:4
FNH:4
FNDA:5,(anonymous_0)
FNDA:5,(anonymous_1)
FNDA:2,(anonymous_2)
FNDA:3,(anonymous_3)
DA:1,1
DA:8,1
DA:10,5
DA:11,4
DA:15,1
DA:18,5
DA:19,5
DA:21,2
DA:22,2
DA:26,3
DA:31,1
LF:11
LH:11
BRDA:10,0,0,4
BRDA:10,0,1,1
BRF:2
BRH:2
end_of_record
